APPLICATION	CarMaker 10.2.1 - Car_Generic #1267 (win64-10.2.1)
COMPILED	fh@obelix.ipg 2021-12-14 11:20:55
 
SIM_START	JC_Test2	2022-03-06 00:20:41
TIME	0.000
SIMULATE	JC_Test2

TIME	90.003
SIM_END		JC_Test2	90.002s	349.334m
APPLICATION	CarMaker 10.2.1 - Car_Generic #1267 (win64-10.2.1)
COMPILED	fh@obelix.ipg 2021-12-14 11:20:55
 
SIM_START	JC_Test2	2022-03-06 00:27:44
TIME	0.000
SIMULATE	JC_Test2

SIM_END		JC_Test2	0s	0m
APPLICATION	CarMaker 10.2.1 - Car_Generic #1267 (win64-10.2.1)
COMPILED	fh@obelix.ipg 2021-12-14 11:20:55
 
SIM_START	JC_Test2	2022-03-06 00:28:39
TIME	0.000
SIMULATE	JC_Test2

SIM_END		JC_Test2	0s	0m
APPLICATION	CarMaker 10.2.1 - Car_Generic #1267 (win64-10.2.1)
COMPILED	fh@obelix.ipg 2021-12-14 11:20:55
 
SIM_START	JC_Test2	2022-03-06 00:28:58
TIME	0.000
SIMULATE	JC_Test2

SIM_END		JC_Test2	0s	0m
APPLICATION	CarMaker 10.2.1 - Car_Generic #1267 (win64-10.2.1)
COMPILED	fh@obelix.ipg 2021-12-14 11:20:55
 
SIM_START	JC_Test2	2022-03-06 00:29:11
TIME	0.000
SIMULATE	JC_Test2

SIM_END		JC_Test2	0s	0m
APPLICATION	CarMaker 10.2.1 - Car_Generic #1267 (win64-10.2.1)
COMPILED	fh@obelix.ipg 2021-12-14 11:20:55
 
SIM_START	JC_Test2	2022-03-06 00:40:35
TIME	0.000
SIMULATE	JC_Test2

TIME	90.003
SIM_END		JC_Test2	90.002s	349.334m
APPLICATION	CarMaker 10.2.1 - Car_Generic #1267 (win64-10.2.1)
COMPILED	fh@obelix.ipg 2021-12-14 11:20:55
 
SIM_START	JC_Test2	2022-03-06 00:41:27
TIME	0.000
SIMULATE	JC_Test2

TIME	90.003
SIM_END		JC_Test2	90.002s	349.334m
APPLICATION	CarMaker 10.2.1 - Car_Generic #1267 (win64-10.2.1)
COMPILED	fh@obelix.ipg 2021-12-14 11:20:55
 
SIM_START	JC_Test2	2022-03-06 00:41:55
TIME	0.000
SIMULATE	JC_Test2

TIME	90.003
SIM_END		JC_Test2	90.002s	349.334m
APPLICATION	CarMaker 10.2.1 - Car_Generic #1267 (win64-10.2.1)
COMPILED	fh@obelix.ipg 2021-12-14 11:20:55
 
SIM_START	JC_Test2	2022-03-06 00:42:30
TIME	0.000
SIMULATE	JC_Test2

TIME	90.003
SIM_END		JC_Test2	90.002s	349.334m
APPLICATION	CarMaker 10.2.1 - Car_Generic #1267 (win64-10.2.1)
COMPILED	fh@obelix.ipg 2021-12-14 11:20:55
 
SIM_START	JC_Test2	2022-03-06 00:44:23
TIME	0.000
SIMULATE	JC_Test2

TIME	90.003
SIM_END		JC_Test2	90.002s	349.334m
APPLICATION	CarMaker 10.2.1 - Car_Generic #1267 (win64-10.2.1)
COMPILED	fh@obelix.ipg 2021-12-14 11:20:55
 
SIM_START	JC_Test2	2022-03-06 00:44:50
TIME	0.000
SIMULATE	JC_Test2

TIME	90.003
SIM_END		JC_Test2	90.002s	349.334m
APPLICATION	CarMaker 10.2.1 - Car_Generic #1267 (win64-10.2.1)
COMPILED	fh@obelix.ipg 2021-12-14 11:20:55
 
SIM_START	JC_Test2	2022-03-06 00:49:43
TIME	0.000
SIMULATE	JC_Test2

TIME	90.003
SIM_END		JC_Test2	90.002s	349.334m
APPLICATION	CarMaker 10.2.1 - Car_Generic #1267 (win64-10.2.1)
COMPILED	fh@obelix.ipg 2021-12-14 11:20:55
 
SIM_START	JC_Test2	2022-03-07 00:03:36
TIME	0.000
SIMULATE	JC_Test2

TIME	90.003
SIM_END		JC_Test2	90.002s	349.334m
APPLICATION	CarMaker 10.2.1 - Car_Generic #1267 (win64-10.2.1)
COMPILED	fh@obelix.ipg 2021-12-14 11:20:55
 
SIM_START	JC_Test2	2022-03-07 00:07:11
TIME	0.000
SIMULATE	JC_Test2

TIME	52.247
SIM_END		JC_Test2	52.246s	461.989m
APPLICATION	CarMaker 10.2.1 - Car_Generic #1267 (win64-10.2.1)
COMPILED	fh@obelix.ipg 2021-12-14 11:20:55
 
SIM_START	JC_Test2	2022-03-07 00:07:28
TIME	0.000
SIMULATE	JC_Test2

TIME	52.247
SIM_END		JC_Test2	52.246s	461.989m
APPLICATION	CarMaker 10.2.1 - Car_Generic #1267 (win64-10.2.1)
COMPILED	fh@obelix.ipg 2021-12-14 11:20:55
 
SIM_START	JC_Test2	2022-03-07 00:08:26
TIME	0.000
SIMULATE	JC_Test2

TIME	52.247
SIM_END		JC_Test2	52.246s	461.989m
APPLICATION	CarMaker 10.2.1 - Car_Generic #1267 (win64-10.2.1)
COMPILED	fh@obelix.ipg 2021-12-14 11:20:55
 
SIM_START	JC_Test2	2022-03-07 00:10:20
TIME	0.000
SIMULATE	JC_Test2

TIME	52.247
SIM_END		JC_Test2	52.246s	461.989m
APPLICATION	CarMaker 10.2.1 - Car_Generic #1267 (win64-10.2.1)
COMPILED	fh@obelix.ipg 2021-12-14 11:20:55
 
SIM_START	JC_Test2	2022-03-07 00:12:48
TIME	0.001
ERROR		Man 0: Velocity profile not configured
ERROR		CM_Main.c: Initialization failed (CM_Main_Begin()=-3)
SIM_ABORT	JC_Test2	0s	0m
APPLICATION	CarMaker 10.2.1 - Car_Generic #1267 (win64-10.2.1)
COMPILED	fh@obelix.ipg 2021-12-14 11:20:55
 
SIM_START	JC_Test2	2022-03-07 00:13:16
TIME	0.000
SIMULATE	JC_Test2

TIME	19.648
ERROR		Roll angle too high (80.04 deg)
SIM_ABORT	JC_Test2	19.65s	194.321m
APPLICATION	CarMaker 10.2.1 - Car_Generic #1267 (win64-10.2.1)
COMPILED	fh@obelix.ipg 2021-12-14 11:20:55
 
SIM_START	JC_Test2	2022-03-07 00:33:13
TIME	0.000
SIMULATE	JC_Test2

TIME	19.648
ERROR		Roll angle too high (80.04 deg)
SIM_ABORT	JC_Test2	19.65s	194.321m
APPLICATION	CarMaker 10.2.1 - Car_Generic #1267 (win64-10.2.1)
COMPILED	fh@obelix.ipg 2021-12-14 11:20:55
 
SIM_START	JC_Test2	2022-03-07 00:38:06
TIME	0.000
SIMULATE	JC_Test2

TIME	19.648
ERROR		Roll angle too high (80.04 deg)
SIM_ABORT	JC_Test2	19.65s	194.321m
APPLICATION	CarMaker 10.2.1 - Car_Generic #1267 (win64-10.2.1)
COMPILED	fh@obelix.ipg 2021-12-14 11:20:55
 
SIM_START	JC_Test2	2022-03-07 00:38:27
TIME	0.000
SIMULATE	JC_Test2

TIME	19.648
ERROR		Roll angle too high (80.04 deg)
SIM_ABORT	JC_Test2	19.65s	194.321m
APPLICATION	CarMaker 10.2.1 - Car_Generic #1267 (win64-10.2.1)
COMPILED	fh@obelix.ipg 2021-12-14 11:20:55
 
SIM_START	JC_Test2	2022-03-07 01:05:52
TIME	0.000
SIMULATE	JC_Test2

TIME	19.648
ERROR		Roll angle too high (80.04 deg)
SIM_ABORT	JC_Test2	19.65s	194.321m
APPLICATION	CarMaker 10.2.1 - Car_Generic #1267 (win64-10.2.1)
COMPILED	fh@obelix.ipg 2021-12-14 11:20:55
 
SIM_START	JC_Test2	2022-03-07 01:11:51
TIME	0.000
SIMULATE	JC_Test2

TIME	19.648
ERROR		Roll angle too high (80.04 deg)
SIM_ABORT	JC_Test2	19.65s	194.321m
APPLICATION	CarMaker 10.2.1 - Car_Generic #1267 (win64-10.2.1)
COMPILED	fh@obelix.ipg 2021-12-14 11:20:55
 
SIM_START	JC_Test2	2022-03-07 11:34:01
TIME	0.000
SIMULATE	JC_Test2

TIME	19.648
ERROR		Roll angle too high (80.04 deg)
SIM_ABORT	JC_Test2	19.65s	194.321m
APPLICATION	CarMaker 10.2.1 - Car_Generic #1267 (win64-10.2.1)
COMPILED	fh@obelix.ipg 2021-12-14 11:20:55
 
SIM_START	JC_Test2	2022-03-07 11:34:38
TIME	0.000
SIMULATE	JC_Test2

TIME	19.648
ERROR		Roll angle too high (80.04 deg)
SIM_ABORT	JC_Test2	19.65s	194.321m
APPLICATION	CarMaker 10.2.1 - Car_Generic #1267 (win64-10.2.1)
COMPILED	fh@obelix.ipg 2021-12-14 11:20:55
 
SIM_START	JC_Test2	2022-03-07 11:41:39
TIME	0.000
SIMULATE	JC_Test2

TIME	19.648
ERROR		Roll angle too high (80.04 deg)
SIM_ABORT	JC_Test2	19.65s	194.321m
APPLICATION	CarMaker 10.2.1 - Car_Generic #1267 (win64-10.2.1)
COMPILED	fh@obelix.ipg 2021-12-14 11:20:55
 
SIM_START	JC_Test2	2022-03-07 11:55:03
TIME	0.000
SIMULATE	JC_Test2

TIME	19.648
ERROR		Roll angle too high (80.04 deg)
SIM_ABORT	JC_Test2	19.65s	194.321m
