

SYSTEM_START	-	LAPTOP-MF4KGQAJ	LAPTOP-MF4KGQAJ	2022-03-06 00:00:53


SYSTEM_INFO	CarMaker 10.2.1 - Car_Generic #1264	fh@obelix.ipg 2021-12-14 11:20:42	(10.2.1 fh@obelix.ipg 2021-12-14 11:20:37)
SIM	1646524853	LAPTOP-MF4KGQAJ			0	0	0
SIM	1646524856	LAPTOP-MF4KGQAJ	jason	JC_Test1	0	90	349.332


SYSTEM_START	-	LAPTOP-MF4KGQAJ	LAPTOP-MF4KGQAJ	2022-03-06 00:20:41


SYSTEM_INFO	CarMaker 10.2.1 - Car_Generic #1267	fh@obelix.ipg 2021-12-14 11:20:55	(10.2.1 fh@obelix.ipg 2021-12-14 11:20:37)
SIM	1646526041	LAPTOP-MF4KGQAJ	jason	JC_Test2	0	90.002	349.334


SYSTEM_START	-	LAPTOP-MF4KGQAJ	LAPTOP-MF4KGQAJ	2022-03-06 00:27:44


SYSTEM_INFO	CarMaker 10.2.1 - Car_Generic #1267	fh@obelix.ipg 2021-12-14 11:20:55	(10.2.1 fh@obelix.ipg 2021-12-14 11:20:37)
SIM	1646526464	LAPTOP-MF4KGQAJ	jason	JC_Test2	0	0	0


SYSTEM_START	-	LAPTOP-MF4KGQAJ	LAPTOP-MF4KGQAJ	2022-03-06 00:28:39


SYSTEM_INFO	CarMaker 10.2.1 - Car_Generic #1267	fh@obelix.ipg 2021-12-14 11:20:55	(10.2.1 fh@obelix.ipg 2021-12-14 11:20:37)
SIM	1646526519	LAPTOP-MF4KGQAJ	jason	JC_Test2	0	0	0


SYSTEM_START	-	LAPTOP-MF4KGQAJ	LAPTOP-MF4KGQAJ	2022-03-06 00:28:58


SYSTEM_INFO	CarMaker 10.2.1 - Car_Generic #1267	fh@obelix.ipg 2021-12-14 11:20:55	(10.2.1 fh@obelix.ipg 2021-12-14 11:20:37)
SIM	1646526538	LAPTOP-MF4KGQAJ	jason	JC_Test2	0	0	0


SYSTEM_START	-	LAPTOP-MF4KGQAJ	LAPTOP-MF4KGQAJ	2022-03-06 00:29:11


SYSTEM_INFO	CarMaker 10.2.1 - Car_Generic #1267	fh@obelix.ipg 2021-12-14 11:20:55	(10.2.1 fh@obelix.ipg 2021-12-14 11:20:37)
SIM	1646526551	LAPTOP-MF4KGQAJ	jason	JC_Test2	0	0	0


SYSTEM_START	-	LAPTOP-MF4KGQAJ	LAPTOP-MF4KGQAJ	2022-03-06 00:40:35


SYSTEM_INFO	CarMaker 10.2.1 - Car_Generic #1267	fh@obelix.ipg 2021-12-14 11:20:55	(10.2.1 fh@obelix.ipg 2021-12-14 11:20:37)
SIM	1646527235	LAPTOP-MF4KGQAJ	jason	JC_Test2	0	90.002	349.334


SYSTEM_START	-	LAPTOP-MF4KGQAJ	LAPTOP-MF4KGQAJ	2022-03-06 00:41:27


SYSTEM_INFO	CarMaker 10.2.1 - Car_Generic #1267	fh@obelix.ipg 2021-12-14 11:20:55	(10.2.1 fh@obelix.ipg 2021-12-14 11:20:37)
SIM	1646527287	LAPTOP-MF4KGQAJ	jason	JC_Test2	0	90.002	349.334


SYSTEM_START	-	LAPTOP-MF4KGQAJ	LAPTOP-MF4KGQAJ	2022-03-06 00:41:55


SYSTEM_INFO	CarMaker 10.2.1 - Car_Generic #1267	fh@obelix.ipg 2021-12-14 11:20:55	(10.2.1 fh@obelix.ipg 2021-12-14 11:20:37)
SIM	1646527315	LAPTOP-MF4KGQAJ	jason	JC_Test2	0	90.002	349.334


SYSTEM_START	-	LAPTOP-MF4KGQAJ	LAPTOP-MF4KGQAJ	2022-03-06 00:42:30


SYSTEM_INFO	CarMaker 10.2.1 - Car_Generic #1267	fh@obelix.ipg 2021-12-14 11:20:55	(10.2.1 fh@obelix.ipg 2021-12-14 11:20:37)
SIM	1646527350	LAPTOP-MF4KGQAJ	jason	JC_Test2	0	90.002	349.334


SYSTEM_START	-	LAPTOP-MF4KGQAJ	LAPTOP-MF4KGQAJ	2022-03-06 00:44:23


SYSTEM_INFO	CarMaker 10.2.1 - Car_Generic #1267	fh@obelix.ipg 2021-12-14 11:20:55	(10.2.1 fh@obelix.ipg 2021-12-14 11:20:37)
SIM	1646527463	LAPTOP-MF4KGQAJ	jason	JC_Test2	0	90.002	349.334


SYSTEM_START	-	LAPTOP-MF4KGQAJ	LAPTOP-MF4KGQAJ	2022-03-06 00:44:50


SYSTEM_INFO	CarMaker 10.2.1 - Car_Generic #1267	fh@obelix.ipg 2021-12-14 11:20:55	(10.2.1 fh@obelix.ipg 2021-12-14 11:20:37)
SIM	1646527490	LAPTOP-MF4KGQAJ	jason	JC_Test2	0	90.002	349.334


SYSTEM_START	-	LAPTOP-MF4KGQAJ	LAPTOP-MF4KGQAJ	2022-03-06 00:49:43


SYSTEM_INFO	CarMaker 10.2.1 - Car_Generic #1267	fh@obelix.ipg 2021-12-14 11:20:55	(10.2.1 fh@obelix.ipg 2021-12-14 11:20:37)
SIM	1646527783	LAPTOP-MF4KGQAJ	jason	JC_Test2	0	90.002	349.334


SYSTEM_START	-	LAPTOP-MF4KGQAJ	LAPTOP-MF4KGQAJ	2022-03-07 00:03:35


SYSTEM_INFO	CarMaker 10.2.1 - Car_Generic #1267	fh@obelix.ipg 2021-12-14 11:20:55	(10.2.1 fh@obelix.ipg 2021-12-14 11:20:37)
SIM	1646611416	LAPTOP-MF4KGQAJ	jason	JC_Test2	0	90.002	349.334


SYSTEM_START	-	LAPTOP-MF4KGQAJ	LAPTOP-MF4KGQAJ	2022-03-07 00:07:11


SYSTEM_INFO	CarMaker 10.2.1 - Car_Generic #1267	fh@obelix.ipg 2021-12-14 11:20:55	(10.2.1 fh@obelix.ipg 2021-12-14 11:20:37)
SIM	1646611631	LAPTOP-MF4KGQAJ	jason	JC_Test2	0	52.246	461.989


SYSTEM_START	-	LAPTOP-MF4KGQAJ	LAPTOP-MF4KGQAJ	2022-03-07 00:07:28


SYSTEM_INFO	CarMaker 10.2.1 - Car_Generic #1267	fh@obelix.ipg 2021-12-14 11:20:55	(10.2.1 fh@obelix.ipg 2021-12-14 11:20:37)
SIM	1646611648	LAPTOP-MF4KGQAJ	jason	JC_Test2	0	52.246	461.989


SYSTEM_START	-	LAPTOP-MF4KGQAJ	LAPTOP-MF4KGQAJ	2022-03-07 00:08:26


SYSTEM_INFO	CarMaker 10.2.1 - Car_Generic #1267	fh@obelix.ipg 2021-12-14 11:20:55	(10.2.1 fh@obelix.ipg 2021-12-14 11:20:37)
SIM	1646611706	LAPTOP-MF4KGQAJ	jason	JC_Test2	0	52.246	461.989


SYSTEM_START	-	LAPTOP-MF4KGQAJ	LAPTOP-MF4KGQAJ	2022-03-07 00:10:20


SYSTEM_INFO	CarMaker 10.2.1 - Car_Generic #1267	fh@obelix.ipg 2021-12-14 11:20:55	(10.2.1 fh@obelix.ipg 2021-12-14 11:20:37)
SIM	1646611820	LAPTOP-MF4KGQAJ	jason	JC_Test2	0	52.246	461.989


SYSTEM_START	-	LAPTOP-MF4KGQAJ	LAPTOP-MF4KGQAJ	2022-03-07 00:12:48


SYSTEM_INFO	CarMaker 10.2.1 - Car_Generic #1267	fh@obelix.ipg 2021-12-14 11:20:55	(10.2.1 fh@obelix.ipg 2021-12-14 11:20:37)
SIM	1646611968	LAPTOP-MF4KGQAJ	jason	JC_Test2	2	0	0


SYSTEM_START	-	LAPTOP-MF4KGQAJ	LAPTOP-MF4KGQAJ	2022-03-07 00:13:15


SYSTEM_INFO	CarMaker 10.2.1 - Car_Generic #1267	fh@obelix.ipg 2021-12-14 11:20:55	(10.2.1 fh@obelix.ipg 2021-12-14 11:20:37)
SIM	1646611996	LAPTOP-MF4KGQAJ	jason	JC_Test2	1	19.65	194.321


SYSTEM_START	-	LAPTOP-MF4KGQAJ	LAPTOP-MF4KGQAJ	2022-03-07 00:33:13


SYSTEM_INFO	CarMaker 10.2.1 - Car_Generic #1267	fh@obelix.ipg 2021-12-14 11:20:55	(10.2.1 fh@obelix.ipg 2021-12-14 11:20:37)
SIM	1646613193	LAPTOP-MF4KGQAJ	jason	JC_Test2	1	19.65	194.321


SYSTEM_START	-	LAPTOP-MF4KGQAJ	LAPTOP-MF4KGQAJ	2022-03-07 00:38:06


SYSTEM_INFO	CarMaker 10.2.1 - Car_Generic #1267	fh@obelix.ipg 2021-12-14 11:20:55	(10.2.1 fh@obelix.ipg 2021-12-14 11:20:37)
SIM	1646613486	LAPTOP-MF4KGQAJ	jason	JC_Test2	1	19.65	194.321


SYSTEM_START	-	LAPTOP-MF4KGQAJ	LAPTOP-MF4KGQAJ	2022-03-07 00:38:27


SYSTEM_INFO	CarMaker 10.2.1 - Car_Generic #1267	fh@obelix.ipg 2021-12-14 11:20:55	(10.2.1 fh@obelix.ipg 2021-12-14 11:20:37)
SIM	1646613507	LAPTOP-MF4KGQAJ	jason	JC_Test2	1	19.65	194.321


SYSTEM_START	-	LAPTOP-MF4KGQAJ	LAPTOP-MF4KGQAJ	2022-03-07 01:05:52


SYSTEM_INFO	CarMaker 10.2.1 - Car_Generic #1267	fh@obelix.ipg 2021-12-14 11:20:55	(10.2.1 fh@obelix.ipg 2021-12-14 11:20:37)
SIM	1646615152	LAPTOP-MF4KGQAJ	jason	JC_Test2	1	19.65	194.321


SYSTEM_START	-	LAPTOP-MF4KGQAJ	LAPTOP-MF4KGQAJ	2022-03-07 01:11:51


SYSTEM_INFO	CarMaker 10.2.1 - Car_Generic #1267	fh@obelix.ipg 2021-12-14 11:20:55	(10.2.1 fh@obelix.ipg 2021-12-14 11:20:37)
SIM	1646615511	LAPTOP-MF4KGQAJ	jason	JC_Test2	1	19.65	194.321


SYSTEM_START	-	LAPTOP-MF4KGQAJ	LAPTOP-MF4KGQAJ	2022-03-07 11:34:01


SYSTEM_INFO	CarMaker 10.2.1 - Car_Generic #1267	fh@obelix.ipg 2021-12-14 11:20:55	(10.2.1 fh@obelix.ipg 2021-12-14 11:20:37)
SIM	1646652841	LAPTOP-MF4KGQAJ	jason	JC_Test2	1	19.65	194.321


SYSTEM_START	-	LAPTOP-MF4KGQAJ	LAPTOP-MF4KGQAJ	2022-03-07 11:34:38


SYSTEM_INFO	CarMaker 10.2.1 - Car_Generic #1267	fh@obelix.ipg 2021-12-14 11:20:55	(10.2.1 fh@obelix.ipg 2021-12-14 11:20:37)
SIM	1646652878	LAPTOP-MF4KGQAJ	jason	JC_Test2	1	19.65	194.321


SYSTEM_START	-	LAPTOP-MF4KGQAJ	LAPTOP-MF4KGQAJ	2022-03-07 11:41:39


SYSTEM_INFO	CarMaker 10.2.1 - Car_Generic #1267	fh@obelix.ipg 2021-12-14 11:20:55	(10.2.1 fh@obelix.ipg 2021-12-14 11:20:37)
SIM	1646653299	LAPTOP-MF4KGQAJ	jason	JC_Test2	1	19.65	194.321


SYSTEM_START	-	LAPTOP-MF4KGQAJ	LAPTOP-MF4KGQAJ	2022-03-07 11:55:03


SYSTEM_INFO	CarMaker 10.2.1 - Car_Generic #1267	fh@obelix.ipg 2021-12-14 11:20:55	(10.2.1 fh@obelix.ipg 2021-12-14 11:20:37)
SIM	1646654103	LAPTOP-MF4KGQAJ	jason	JC_Test2	1	19.65	194.321
